<?xml version="1.0" encoding="UTF-8"?>
<testExecutions version="1">
  <file path="/Volumes/Workspace/Personal/JS/custom-sagas/__tests__/actions.spec.ts">
    <testCase name="createRequestTypes should return 9" duration="6"/>
  </file>
  <file path="/Volumes/Workspace/Personal/JS/custom-sagas/__tests__/index.spec.ts">
    <testCase name="Square method should return 9" duration="2"/>
  </file>
</testExecutions>